#
# There is insufficient memory for the Java Runtime Environment to continue.
# Native memory allocation (mmap) failed to map 95420416 bytes for Failed to commit area from 0x0000000088700000 to 0x000000008e200000 of length 95420416.
# Possible reasons:
#   The system is out of physical RAM or swap space
#   The process is running with CompressedOops enabled, and the Java Heap may be blocking the growth of the native heap
# Possible solutions:
#   Reduce memory load on the system
#   Increase physical memory or swap space
#   Check if swap backing store is full
#   Decrease Java heap size (-Xmx/-Xms)
#   Decrease number of Java threads
#   Decrease Java thread stack sizes (-Xss)
#   Set larger code cache with -XX:ReservedCodeCacheSize=
#   JVM is running with Unscaled Compressed Oops mode in which the Java heap is
#     placed in the first 4GB address space. The Java Heap base address is the
#     maximum limit for the native heap growth. Please use -XX:HeapBaseMinAddress
#     to set the Java Heap base and to place the Java Heap above 4GB virtual address.
# This output file may be truncated or incomplete.
#
#  Out of Memory Error (./src/hotspot/os/windows/os_windows.cpp:3386), pid=10648, tid=11716
#
# JRE version: OpenJDK Runtime Environment Microsoft-40648 (11.0.16.1+1) (build 11.0.16.1+1-LTS)
# Java VM: OpenJDK 64-Bit Server VM Microsoft-40648 (11.0.16.1+1-LTS, mixed mode, tiered, compressed oops, g1 gc, windows-amd64)
# No core dump will be written. Minidumps are not enabled by default on client versions of Windows
#

---------------  S U M M A R Y ------------

Command Line: -Dapplication.home=C:\Program Files\Microsoft\jdk-11.0.16.101-hotspot --add-modules=ALL-DEFAULT -Xms8m -Dfile.encoding=UTF8 -Djdk.module.main=jdk.compiler jdk.compiler/com.sun.tools.javac.Main @C:\Users\Dima\AppData\Local\Temp\tmp7162.tmp -target 1.8 -source 1.8

Host: Intel(R) Core(TM) i3-4160 CPU @ 3.60GHz, 4 cores, 7G,  Windows 10 , 64 bit Build 19041 (10.0.19041.2913)
Time: Sun Jun 11 19:52:56 2023 Central Europe Daylight Time elapsed time: 13.711541 seconds (0d 0h 0m 13s)

---------------  T H R E A D  ---------------

Current thread (0x0000012cbf83b000):  VMThread "VM Thread" [stack: 0x0000000d89b00000,0x0000000d89c00000] [id=11716]

Stack: [0x0000000d89b00000,0x0000000d89c00000]
[error occurred during error reporting (printing stack bounds), id 0xc0000005, EXCEPTION_ACCESS_VIOLATION (0xc0000005) at pc=0x0000012ca888112d]

Native frames: (J=compiled Java code, j=interpreted, Vv=VM code, C=native code)
V  [jvm.dll+0x62652a]
V  [jvm.dll+0x7b3249]
V  [jvm.dll+0x7b4938]
V  [jvm.dll+0x7b4f75]
V  [jvm.dll+0x7b4f2b]
V  [jvm.dll+0x6258b7]
V  [jvm.dll+0x625fc8]
C  [ntdll.dll+0xa23df]
C  [ntdll.dll+0x514a4]
C  [ntdll.dll+0xa0f0e]
C  0x0000012ca888112d

VM_Operation (0x0000000d895fd8d0): G1CollectForAllocation, mode: safepoint, requested by thread 0x0000012ca0119000


---------------  P R O C E S S  ---------------

Threads class SMR info:
_java_thread_list=0x0000012cc24de050, length=10, elements={
0x0000012ca0119000, 0x0000012cbf86e800, 0x0000012cbf85d000, 0x0000012cbf8cd000,
0x0000012cbf8ce800, 0x0000012cbf877000, 0x0000012cbf879800, 0x0000012cbf87a800,
0x0000012cbfa58800, 0x0000012cbfb6f800
}

Java Threads: ( => current thread )
  0x0000012ca0119000 JavaThread "main" [_thread_blocked, id=12128, stack(0x0000000d89500000,0x0000000d89600000)]
  0x0000012cbf86e800 JavaThread "Reference Handler" daemon [_thread_blocked, id=12028, stack(0x0000000d89c00000,0x0000000d89d00000)]
  0x0000012cbf85d000 JavaThread "Finalizer" daemon [_thread_blocked, id=15932, stack(0x0000000d89d00000,0x0000000d89e00000)]
  0x0000012cbf8cd000 JavaThread "Signal Dispatcher" daemon [_thread_blocked, id=7352, stack(0x0000000d89e00000,0x0000000d89f00000)]
  0x0000012cbf8ce800 JavaThread "Attach Listener" daemon [_thread_blocked, id=9968, stack(0x0000000d89f00000,0x0000000d8a000000)]
  0x0000012cbf877000 JavaThread "Service Thread" daemon [_thread_blocked, id=12056, stack(0x0000000d8a000000,0x0000000d8a100000)]
  0x0000012cbf879800 JavaThread "C2 CompilerThread0" daemon [_thread_blocked, id=2876, stack(0x0000000d8a100000,0x0000000d8a200000)]
  0x0000012cbf87a800 JavaThread "C1 CompilerThread0" daemon [_thread_blocked, id=11728, stack(0x0000000d8a200000,0x0000000d8a300000)]
  0x0000012cbfa58800 JavaThread "Sweeper thread" daemon [_thread_blocked, id=6308, stack(0x0000000d8a300000,0x0000000d8a400000)]
  0x0000012cbfb6f800 JavaThread "Common-Cleaner" daemon [_thread_blocked, id=5176, stack(0x0000000d8a400000,0x0000000d8a500000)]

Other Threads:
=>0x0000012cbf83b000 VMThread "VM Thread" [stack: 0x0000000d89b00000,0x0000000d89c00000] [id=11716]
  0x0000012cbfc21800 WatcherThread [stack: 0x0000000d8a500000,0x0000000d8a600000] [id=2420]
  0x0000012ca0131800 GCTaskThread "GC Thread#0" [stack: 0x0000000d89600000,0x0000000d89700000] [id=15028]
  0x0000012cbfd21000 GCTaskThread "GC Thread#1" [stack: 0x0000000d8a600000,0x0000000d8a700000] [id=2308]
  0x0000012cc2879800 GCTaskThread "GC Thread#2" [stack: 0x0000000d8a900000,0x0000000d8aa00000] [id=12748]
  0x0000012ca0164000 ConcurrentGCThread "G1 Main Marker" [stack: 0x0000000d89700000,0x0000000d89800000] [id=9264]
  0x0000012ca0166800 ConcurrentGCThread "G1 Conc#0" [stack: 0x0000000d89800000,0x0000000d89900000] [id=7220]
  0x0000012ca017f000 ConcurrentGCThread "G1 Refine#0" [stack: 0x0000000d89900000,0x0000000d89a00000] [id=1252]
  0x0000012cc0fa0000 ConcurrentGCThread "G1 Refine#1" [stack: 0x0000000d8a800000,0x0000000d8a900000] [id=10228]
  0x0000012cc0e85000 ConcurrentGCThread "G1 Refine#2" [stack: 0x0000000d8aa00000,0x0000000d8ab00000] [id=9828]
  0x0000012ca0180000 ConcurrentGCThread "G1 Young RemSet Sampling" [stack: 0x0000000d89a00000,0x0000000d89b00000] [id=14456]

Threads with active compile tasks:
C2 CompilerThread0    13831 3757       4       com.sun.tools.javac.code.Scope$ScopeListenerList::walkReferences (101 bytes)

VM state:at safepoint (normal execution)

VM Mutex/Monitor currently owned by a thread:  ([mutex/lock_event])
[0x0000012ca0113d40] Threads_lock - owner thread: 0x0000012cbf83b000
[0x0000012ca01147f0] Heap_lock - owner thread: 0x0000012ca0119000

Heap address: 0x0000000080a00000, size: 2038 MB, Compressed Oops mode: 32-bit
Narrow klass base: 0x0000000000000000, Narrow klass shift: 3
Compressed class space size: 1073741824 Address: 0x0000000100000000

Heap:
 garbage-first heap   total 221184K, used 65536K [0x0000000080a00000, 0x0000000100000000)
  region size 1024K, 3 young (3072K), 3 survivors (3072K)
 Metaspace       used 18053K, capacity 18396K, committed 18432K, reserved 1067008K
  class space    used 1665K, capacity 1787K, committed 1792K, reserved 1048576K
Heap Regions: E=young(eden), S=young(survivor), O=old, HS=humongous(starts), HC=humongous(continues), CS=collection set, F=free, A=archive, TAMS=top-at-mark-start (previous, next)
|   0|0x0000000080a00000, 0x0000000080b00000, 0x0000000080b00000|100%| O|  |TAMS 0x0000000080b00000, 0x0000000080a00000| Untracked 
|   1|0x0000000080b00000, 0x0000000080c00000, 0x0000000080c00000|100%| O|  |TAMS 0x0000000080c00000, 0x0000000080b00000| Complete 
|   2|0x0000000080c00000, 0x0000000080d00000, 0x0000000080d00000|100%| O|  |TAMS 0x0000000080d00000, 0x0000000080c00000| Untracked 
|   3|0x0000000080d00000, 0x0000000080e00000, 0x0000000080e00000|100%| O|  |TAMS 0x0000000080e00000, 0x0000000080d00000| Complete 
|   4|0x0000000080e00000, 0x0000000080f00000, 0x0000000080f00000|100%| O|  |TAMS 0x0000000080f00000, 0x0000000080e00000| Complete 
|   5|0x0000000080f00000, 0x0000000081000000, 0x0000000081000000|100%| O|  |TAMS 0x0000000081000000, 0x0000000080f00000| Complete 
|   6|0x0000000081000000, 0x0000000081100000, 0x0000000081100000|100%| O|  |TAMS 0x0000000081100000, 0x0000000081000000| Complete 
|   7|0x0000000081100000, 0x0000000081200000, 0x0000000081200000|100%| O|  |TAMS 0x0000000081200000, 0x0000000081100000| Complete 
|   8|0x0000000081200000, 0x0000000081300000, 0x0000000081300000|100%| O|  |TAMS 0x0000000081300000, 0x0000000081200000| Complete 
|   9|0x0000000081300000, 0x0000000081400000, 0x0000000081400000|100%|HS|  |TAMS 0x0000000081400000, 0x0000000081300000| Complete 
|  10|0x0000000081400000, 0x0000000081500000, 0x0000000081500000|100%|HC|  |TAMS 0x0000000081500000, 0x0000000081400000| Complete 
|  11|0x0000000081500000, 0x0000000081600000, 0x0000000081600000|100%|HC|  |TAMS 0x0000000081600000, 0x0000000081500000| Complete 
|  12|0x0000000081600000, 0x0000000081700000, 0x0000000081700000|100%| O|  |TAMS 0x0000000081700000, 0x0000000081600000| Untracked 
|  13|0x0000000081700000, 0x0000000081800000, 0x0000000081800000|100%|HS|  |TAMS 0x0000000081800000, 0x0000000081700000| Complete 
|  14|0x0000000081800000, 0x0000000081900000, 0x0000000081900000|100%| O|  |TAMS 0x0000000081900000, 0x0000000081800000| Untracked 
|  15|0x0000000081900000, 0x0000000081a00000, 0x0000000081a00000|100%| O|  |TAMS 0x0000000081a00000, 0x0000000081900000| Untracked 
|  16|0x0000000081a00000, 0x0000000081b00000, 0x0000000081b00000|100%|HS|  |TAMS 0x0000000081b00000, 0x0000000081a00000| Complete 
|  17|0x0000000081b00000, 0x0000000081c00000, 0x0000000081c00000|100%|HC|  |TAMS 0x0000000081c00000, 0x0000000081b00000| Complete 
|  18|0x0000000081c00000, 0x0000000081d00000, 0x0000000081d00000|100%|HC|  |TAMS 0x0000000081d00000, 0x0000000081c00000| Complete 
|  19|0x0000000081d00000, 0x0000000081e00000, 0x0000000081e00000|100%|HC|  |TAMS 0x0000000081e00000, 0x0000000081d00000| Complete 
|  20|0x0000000081e00000, 0x0000000081f00000, 0x0000000081f00000|100%|HC|  |TAMS 0x0000000081f00000, 0x0000000081e00000| Complete 
|  21|0x0000000081f00000, 0x0000000082000000, 0x0000000082000000|100%| O|  |TAMS 0x0000000082000000, 0x0000000081f00000| Untracked 
|  22|0x0000000082000000, 0x0000000082100000, 0x0000000082100000|100%| O|  |TAMS 0x0000000082100000, 0x0000000082000000| Untracked 
|  23|0x0000000082100000, 0x0000000082200000, 0x0000000082200000|100%|HS|  |TAMS 0x0000000082200000, 0x0000000082100000| Complete 
|  24|0x0000000082200000, 0x0000000082300000, 0x0000000082300000|100%|HC|  |TAMS 0x0000000082300000, 0x0000000082200000| Complete 
|  25|0x0000000082300000, 0x0000000082400000, 0x0000000082400000|100%| O|  |TAMS 0x0000000082400000, 0x0000000082300000| Untracked 
|  26|0x0000000082400000, 0x0000000082500000, 0x0000000082500000|100%| O|  |TAMS 0x0000000082500000, 0x0000000082400000| Untracked 
|  27|0x0000000082500000, 0x0000000082600000, 0x0000000082600000|100%| O|  |TAMS 0x0000000082600000, 0x0000000082500000| Untracked 
|  28|0x0000000082600000, 0x0000000082700000, 0x0000000082700000|100%| O|  |TAMS 0x0000000082700000, 0x0000000082600000| Untracked 
|  29|0x0000000082700000, 0x0000000082800000, 0x0000000082800000|100%| O|  |TAMS 0x0000000082800000, 0x0000000082700000| Untracked 
|  30|0x0000000082800000, 0x0000000082900000, 0x0000000082900000|100%| O|  |TAMS 0x0000000082900000, 0x0000000082800000| Complete 
|  31|0x0000000082900000, 0x0000000082a00000, 0x0000000082a00000|100%| O|  |TAMS 0x0000000082a00000, 0x0000000082900000| Complete 
|  32|0x0000000082a00000, 0x0000000082b00000, 0x0000000082b00000|100%| O|  |TAMS 0x0000000082b00000, 0x0000000082a00000| Complete 
|  33|0x0000000082b00000, 0x0000000082c00000, 0x0000000082c00000|100%| O|  |TAMS 0x0000000082c00000, 0x0000000082b00000| Complete 
|  34|0x0000000082c00000, 0x0000000082d00000, 0x0000000082d00000|100%| O|  |TAMS 0x0000000082d00000, 0x0000000082c00000| Complete 
|  35|0x0000000082d00000, 0x0000000082e00000, 0x0000000082e00000|100%| O|  |TAMS 0x0000000082e00000, 0x0000000082d00000| Complete 
|  36|0x0000000082e00000, 0x0000000082f00000, 0x0000000082f00000|100%| O|  |TAMS 0x0000000082f00000, 0x0000000082e00000| Complete 
|  37|0x0000000082f00000, 0x0000000083000000, 0x0000000083000000|100%| O|  |TAMS 0x0000000083000000, 0x0000000082f00000| Complete 
|  38|0x0000000083000000, 0x0000000083100000, 0x0000000083100000|100%| O|  |TAMS 0x0000000083100000, 0x0000000083000000| Complete 
|  39|0x0000000083100000, 0x0000000083200000, 0x0000000083200000|100%| O|  |TAMS 0x0000000083200000, 0x0000000083100000| Untracked 
|  40|0x0000000083200000, 0x0000000083300000, 0x0000000083300000|100%| O|  |TAMS 0x0000000083300000, 0x0000000083200000| Complete 
|  41|0x0000000083300000, 0x0000000083400000, 0x0000000083400000|100%| O|  |TAMS 0x0000000083400000, 0x0000000083300000| Complete 
|  42|0x0000000083400000, 0x0000000083500000, 0x0000000083500000|100%| O|  |TAMS 0x0000000083500000, 0x0000000083400000| Complete 
|  43|0x0000000083500000, 0x0000000083600000, 0x0000000083600000|100%| O|  |TAMS 0x0000000083600000, 0x0000000083500000| Complete 
|  44|0x0000000083600000, 0x0000000083600000, 0x0000000083700000|  0%| F|  |TAMS 0x0000000083600000, 0x0000000083600000| Untracked 
|  45|0x0000000083700000, 0x0000000083800000, 0x0000000083800000|100%|HS|  |TAMS 0x0000000083800000, 0x0000000083700000| Complete 
|  46|0x0000000083800000, 0x0000000083900000, 0x0000000083900000|100%|HC|  |TAMS 0x0000000083900000, 0x0000000083800000| Complete 
|  47|0x0000000083900000, 0x0000000083a00000, 0x0000000083a00000|100%| O|  |TAMS 0x0000000083a00000, 0x0000000083900000| Untracked 
|  48|0x0000000083a00000, 0x0000000083b00000, 0x0000000083b00000|100%| O|  |TAMS 0x0000000083b00000, 0x0000000083a00000| Complete 
|  49|0x0000000083b00000, 0x0000000083c00000, 0x0000000083c00000|100%| O|  |TAMS 0x0000000083c00000, 0x0000000083b00000| Complete 
|  50|0x0000000083c00000, 0x0000000083d00000, 0x0000000083d00000|100%| O|  |TAMS 0x0000000083d00000, 0x0000000083c00000| Complete 
|  51|0x0000000083d00000, 0x0000000083e00000, 0x0000000083e00000|100%| O|  |TAMS 0x0000000083e00000, 0x0000000083d00000| Untracked 
|  52|0x0000000083e00000, 0x0000000083f00000, 0x0000000083f00000|100%| O|  |TAMS 0x0000000083f00000, 0x0000000083e00000| Complete 
|  53|0x0000000083f00000, 0x0000000084000000, 0x0000000084000000|100%| O|  |TAMS 0x0000000084000000, 0x0000000083f00000| Complete 
|  54|0x0000000084000000, 0x0000000084100000, 0x0000000084100000|100%| O|  |TAMS 0x0000000084100000, 0x0000000084000000| Untracked 
|  55|0x0000000084100000, 0x0000000084200000, 0x0000000084200000|100%| O|  |TAMS 0x0000000084200000, 0x0000000084100000| Complete 
|  56|0x0000000084200000, 0x0000000084300000, 0x0000000084300000|100%| O|  |TAMS 0x0000000084300000, 0x0000000084200000| Untracked 
|  57|0x0000000084300000, 0x0000000084400000, 0x0000000084400000|100%| O|  |TAMS 0x0000000084400000, 0x0000000084300000| Complete 
|  58|0x0000000084400000, 0x0000000084500000, 0x0000000084500000|100%| O|  |TAMS 0x0000000084500000, 0x0000000084400000| Untracked 
|  59|0x0000000084500000, 0x0000000084600000, 0x0000000084600000|100%| O|  |TAMS 0x0000000084600000, 0x0000000084500000| Complete 
|  60|0x0000000084600000, 0x0000000084700000, 0x0000000084700000|100%| O|  |TAMS 0x0000000084700000, 0x0000000084600000| Complete 
|  61|0x0000000084700000, 0x0000000084800000, 0x0000000084800000|100%| O|  |TAMS 0x0000000084800000, 0x0000000084700000| Untracked 
|  62|0x0000000084800000, 0x0000000084800000, 0x0000000084900000|  0%| F|  |TAMS 0x0000000084800000, 0x0000000084800000| Untracked 
|  63|0x0000000084900000, 0x0000000084900000, 0x0000000084a00000|  0%| F|  |TAMS 0x0000000084900000, 0x0000000084900000| Untracked 
|  64|0x0000000084a00000, 0x0000000084a00000, 0x0000000084b00000|  0%| F|  |TAMS 0x0000000084a00000, 0x0000000084a00000| Untracked 
|  65|0x0000000084b00000, 0x0000000084b00000, 0x0000000084c00000|  0%| F|  |TAMS 0x0000000084b00000, 0x0000000084b00000| Untracked 
|  66|0x0000000084c00000, 0x0000000084c00000, 0x0000000084d00000|  0%| F|  |TAMS 0x0000000084c00000, 0x0000000084c00000| Untracked 
|  67|0x0000000084d00000, 0x0000000084d00000, 0x0000000084e00000|  0%| F|  |TAMS 0x0000000084d00000, 0x0000000084d00000| Untracked 
|  68|0x0000000084e00000, 0x0000000084e00000, 0x0000000084f00000|  0%| F|  |TAMS 0x0000000084e00000, 0x0000000084e00000| Untracked 
|  69|0x0000000084f00000, 0x0000000084f00000, 0x0000000085000000|  0%| F|  |TAMS 0x0000000084f00000, 0x0000000084f00000| Untracked 
|  70|0x0000000085000000, 0x0000000085000000, 0x0000000085100000|  0%| F|  |TAMS 0x0000000085000000, 0x0000000085000000| Untracked 
|  71|0x0000000085100000, 0x0000000085100000, 0x0000000085200000|  0%| F|  |TAMS 0x0000000085100000, 0x0000000085100000| Untracked 
|  72|0x0000000085200000, 0x0000000085200000, 0x0000000085300000|  0%| F|  |TAMS 0x0000000085200000, 0x0000000085200000| Untracked 
|  73|0x0000000085300000, 0x0000000085300000, 0x0000000085400000|  0%| F|  |TAMS 0x0000000085300000, 0x0000000085300000| Untracked 
|  74|0x0000000085400000, 0x0000000085400000, 0x0000000085500000|  0%| F|  |TAMS 0x0000000085400000, 0x0000000085400000| Untracked 
|  75|0x0000000085500000, 0x0000000085500000, 0x0000000085600000|  0%| F|  |TAMS 0x0000000085500000, 0x0000000085500000| Untracked 
|  76|0x0000000085600000, 0x0000000085600000, 0x0000000085700000|  0%| F|  |TAMS 0x0000000085600000, 0x0000000085600000| Untracked 
|  77|0x0000000085700000, 0x0000000085700000, 0x0000000085800000|  0%| F|  |TAMS 0x0000000085700000, 0x0000000085700000| Untracked 
|  78|0x0000000085800000, 0x0000000085800000, 0x0000000085900000|  0%| F|  |TAMS 0x0000000085800000, 0x0000000085800000| Untracked 
|  79|0x0000000085900000, 0x0000000085900000, 0x0000000085a00000|  0%| F|  |TAMS 0x0000000085900000, 0x0000000085900000| Untracked 
|  80|0x0000000085a00000, 0x0000000085a00000, 0x0000000085b00000|  0%| F|  |TAMS 0x0000000085a00000, 0x0000000085a00000| Untracked 
|  81|0x0000000085b00000, 0x0000000085b00000, 0x0000000085c00000|  0%| F|  |TAMS 0x0000000085b00000, 0x0000000085b00000| Untracked 
|  82|0x0000000085c00000, 0x0000000085c00000, 0x0000000085d00000|  0%| F|  |TAMS 0x0000000085c00000, 0x0000000085c00000| Untracked 
|  83|0x0000000085d00000, 0x0000000085d00000, 0x0000000085e00000|  0%| F|  |TAMS 0x0000000085d00000, 0x0000000085d00000| Untracked 
|  84|0x0000000085e00000, 0x0000000085e00000, 0x0000000085f00000|  0%| F|  |TAMS 0x0000000085e00000, 0x0000000085e00000| Untracked 
|  85|0x0000000085f00000, 0x0000000085f00000, 0x0000000086000000|  0%| F|  |TAMS 0x0000000085f00000, 0x0000000085f00000| Untracked 
|  86|0x0000000086000000, 0x0000000086000000, 0x0000000086100000|  0%| F|  |TAMS 0x0000000086000000, 0x0000000086000000| Untracked 
|  87|0x0000000086100000, 0x0000000086100000, 0x0000000086200000|  0%| F|  |TAMS 0x0000000086100000, 0x0000000086100000| Untracked 
|  88|0x0000000086200000, 0x0000000086200000, 0x0000000086300000|  0%| F|  |TAMS 0x0000000086200000, 0x0000000086200000| Untracked 
|  89|0x0000000086300000, 0x0000000086300000, 0x0000000086400000|  0%| F|  |TAMS 0x0000000086300000, 0x0000000086300000| Untracked 
|  90|0x0000000086400000, 0x0000000086400000, 0x0000000086500000|  0%| F|  |TAMS 0x0000000086400000, 0x0000000086400000| Untracked 
|  91|0x0000000086500000, 0x0000000086500000, 0x0000000086600000|  0%| F|  |TAMS 0x0000000086500000, 0x0000000086500000| Untracked 
|  92|0x0000000086600000, 0x0000000086600000, 0x0000000086700000|  0%| F|  |TAMS 0x0000000086600000, 0x0000000086600000| Untracked 
|  93|0x0000000086700000, 0x0000000086700000, 0x0000000086800000|  0%| F|  |TAMS 0x0000000086700000, 0x0000000086700000| Untracked 
|  94|0x0000000086800000, 0x0000000086800000, 0x0000000086900000|  0%| F|  |TAMS 0x0000000086800000, 0x0000000086800000| Untracked 
|  95|0x0000000086900000, 0x0000000086900000, 0x0000000086a00000|  0%| F|  |TAMS 0x0000000086900000, 0x0000000086900000| Untracked 
|  96|0x0000000086a00000, 0x0000000086a00000, 0x0000000086b00000|  0%| F|  |TAMS 0x0000000086a00000, 0x0000000086a00000| Untracked 
|  97|0x0000000086b00000, 0x0000000086c00000, 0x0000000086c00000|100%| S|CS|TAMS 0x0000000086b00000, 0x0000000086b00000| Complete 
|  98|0x0000000086c00000, 0x0000000086d00000, 0x0000000086d00000|100%| S|CS|TAMS 0x0000000086c00000, 0x0000000086c00000| Complete 
|  99|0x0000000086d00000, 0x0000000086d00000, 0x0000000086e00000|  0%| F|  |TAMS 0x0000000086d00000, 0x0000000086d00000| Untracked 
| 100|0x0000000086e00000, 0x0000000086e00000, 0x0000000086f00000|  0%| F|  |TAMS 0x0000000086e00000, 0x0000000086e00000| Untracked 
| 101|0x0000000086f00000, 0x0000000086f00000, 0x0000000087000000|  0%| F|  |TAMS 0x0000000086f00000, 0x0000000086f00000| Untracked 
| 102|0x0000000087000000, 0x0000000087100000, 0x0000000087100000|100%| S|CS|TAMS 0x0000000087000000, 0x0000000087000000| Complete 
| 103|0x0000000087100000, 0x0000000087100000, 0x0000000087200000|  0%| F|  |TAMS 0x0000000087100000, 0x0000000087100000| Untracked 
| 104|0x0000000087200000, 0x0000000087200000, 0x0000000087300000|  0%| F|  |TAMS 0x0000000087200000, 0x0000000087200000| Untracked 
| 105|0x0000000087300000, 0x0000000087300000, 0x0000000087400000|  0%| F|  |TAMS 0x0000000087300000, 0x0000000087300000| Untracked 
| 106|0x0000000087400000, 0x0000000087400000, 0x0000000087500000|  0%| F|  |TAMS 0x0000000087400000, 0x0000000087400000| Untracked 
| 107|0x0000000087500000, 0x0000000087500000, 0x0000000087600000|  0%| F|  |TAMS 0x0000000087500000, 0x0000000087500000| Untracked 
| 108|0x0000000087600000, 0x0000000087600000, 0x0000000087700000|  0%| F|  |TAMS 0x0000000087600000, 0x0000000087600000| Untracked 
| 109|0x0000000087700000, 0x0000000087700000, 0x0000000087800000|  0%| F|  |TAMS 0x0000000087700000, 0x0000000087700000| Untracked 
| 110|0x0000000087800000, 0x0000000087800000, 0x0000000087900000|  0%| F|  |TAMS 0x0000000087800000, 0x0000000087800000| Untracked 
| 111|0x0000000087900000, 0x0000000087900000, 0x0000000087a00000|  0%| F|  |TAMS 0x0000000087900000, 0x0000000087900000| Untracked 
| 112|0x0000000087a00000, 0x0000000087a00000, 0x0000000087b00000|  0%| F|  |TAMS 0x0000000087a00000, 0x0000000087a00000| Untracked 
| 113|0x0000000087b00000, 0x0000000087b00000, 0x0000000087c00000|  0%| F|  |TAMS 0x0000000087b00000, 0x0000000087b00000| Untracked 
| 114|0x0000000087c00000, 0x0000000087c00000, 0x0000000087d00000|  0%| F|  |TAMS 0x0000000087c00000, 0x0000000087c00000| Untracked 
| 115|0x0000000087d00000, 0x0000000087d00000, 0x0000000087e00000|  0%| F|  |TAMS 0x0000000087d00000, 0x0000000087d00000| Untracked 
| 116|0x0000000087e00000, 0x0000000087e00000, 0x0000000087f00000|  0%| F|  |TAMS 0x0000000087e00000, 0x0000000087e00000| Untracked 
| 117|0x0000000087f00000, 0x0000000087f00000, 0x0000000088000000|  0%| F|  |TAMS 0x0000000087f00000, 0x0000000087f00000| Untracked 
| 118|0x0000000088000000, 0x0000000088000000, 0x0000000088100000|  0%| F|  |TAMS 0x0000000088000000, 0x0000000088000000| Untracked 
| 119|0x0000000088100000, 0x0000000088100000, 0x0000000088200000|  0%| F|  |TAMS 0x0000000088100000, 0x0000000088100000| Untracked 
| 120|0x0000000088200000, 0x0000000088200000, 0x0000000088300000|  0%| F|  |TAMS 0x0000000088200000, 0x0000000088200000| Untracked 
| 121|0x0000000088300000, 0x0000000088300000, 0x0000000088400000|  0%| F|  |TAMS 0x0000000088300000, 0x0000000088300000| Untracked 
| 122|0x0000000088400000, 0x0000000088400000, 0x0000000088500000|  0%| F|  |TAMS 0x0000000088400000, 0x0000000088400000| Untracked 
| 123|0x0000000088500000, 0x0000000088500000, 0x0000000088600000|  0%| F|  |TAMS 0x0000000088500000, 0x0000000088500000| Untracked 
| 124|0x0000000088600000, 0x0000000088600000, 0x0000000088700000|  0%| F|  |TAMS 0x0000000088600000, 0x0000000088600000| Untracked 

Card table byte_map: [0x0000012cb82b0000,0x0000012cb86b0000] _byte_map_base: 0x0000012cb7eab000

Marking Bits (Prev, Next): (CMBitMap*) 0x0000012ca015b250, (CMBitMap*) 0x0000012ca015b218
 Prev Bits: [0x0000012cbaa90000, 0x0000012cbca68000)
 Next Bits: [0x0000012cb8ab0000, 0x0000012cbaa88000)

Polling page: 0x0000012c9eac0000

Metaspace:

Usage:
  Non-class:     16.22 MB capacity,    16.00 MB ( 99%) used,   188.16 KB (  1%) free+waste,    33.06 KB ( <1%) overhead. 
      Class:      1.75 MB capacity,     1.63 MB ( 93%) used,   108.24 KB (  6%) free+waste,    13.38 KB ( <1%) overhead. 
       Both:     17.96 MB capacity,    17.63 MB ( 98%) used,   296.41 KB (  2%) free+waste,    46.44 KB ( <1%) overhead. 

Virtual space:
  Non-class space:       18.00 MB reserved,      16.25 MB ( 90%) committed 
      Class space:        1.00 GB reserved,       1.75 MB ( <1%) committed 
             Both:        1.02 GB reserved,      18.00 MB (  2%) committed 

Chunk freelists:
   Non-Class:  31.00 KB
       Class:  5.00 KB
        Both:  36.00 KB

MaxMetaspaceSize: 17179869184.00 GB
CompressedClassSpaceSize: 1.00 GB
Initial GC threshold: 20.80 MB
Current GC threshold: 29.59 MB
CDS: off

CodeHeap 'non-profiled nmethods': size=120064Kb used=2546Kb max_used=2546Kb free=117517Kb
 bounds [0x0000012cb0340000, 0x0000012cb05c0000, 0x0000012cb7880000]
CodeHeap 'profiled nmethods': size=120000Kb used=10182Kb max_used=10182Kb free=109817Kb
 bounds [0x0000012ca8e10000, 0x0000012ca9810000, 0x0000012cb0340000]
CodeHeap 'non-nmethods': size=5696Kb used=1153Kb max_used=1213Kb free=4542Kb
 bounds [0x0000012ca8880000, 0x0000012ca8af0000, 0x0000012ca8e10000]
 total_blobs=4118 nmethods=3711 adapters=319
 compilation: enabled
              stopped_count=0, restarted_count=0
 full_count=0

Compilation events (20 events):
Event: 13.600 Thread 0x0000012cbf87a800 3753   !   2       com.sun.tools.javac.comp.Check::checkOverride (829 bytes)
Event: 13.613 Thread 0x0000012cbf87a800 nmethod 3753 0x0000012ca97ef190 code [0x0000012ca97efbe0, 0x0000012ca97f5fe8]
Event: 13.614 Thread 0x0000012cbf87a800 3759       2       com.sun.tools.javac.comp.Check::checkOverrideClashes (482 bytes)
Event: 13.617 Thread 0x0000012cbf87a800 nmethod 3759 0x0000012ca97f8a10 code [0x0000012ca97f8f80, 0x0000012ca97fab68]
Event: 13.617 Thread 0x0000012cbf87a800 3760       2       com.sun.tools.javac.comp.Lower::boxIfNeeded (107 bytes)
Event: 13.619 Thread 0x0000012cbf87a800 nmethod 3760 0x0000012ca97fbf10 code [0x0000012ca97fc1a0, 0x0000012ca97fc7e8]
Event: 13.619 Thread 0x0000012cbf87a800 3756       2       com.sun.tools.javac.code.Types$DefaultTypeVisitor::visitClassType (7 bytes)
Event: 13.619 Thread 0x0000012cbf87a800 nmethod 3756 0x0000012ca97fcd10 code [0x0000012ca97fcec0, 0x0000012ca97fcfe8]
Event: 13.619 Thread 0x0000012cbf87a800 3761       2       com.sun.tools.javac.jvm.Items::makeStaticItem (10 bytes)
Event: 13.620 Thread 0x0000012cbf87a800 nmethod 3761 0x0000012ca97fd090 code [0x0000012ca97fd260, 0x0000012ca97fd538]
Event: 13.620 Thread 0x0000012cbf87a800 3754   !   2       com.sun.tools.javac.comp.Attr::visitBlock (357 bytes)
Event: 13.624 Thread 0x0000012cbf87a800 nmethod 3754 0x0000012ca97fd610 code [0x0000012ca97fd9a0, 0x0000012ca97fea28]
Event: 13.624 Thread 0x0000012cbf87a800 3758       2       com.sun.tools.javac.code.Symbol$MethodSymbol::isVarArgs (19 bytes)
Event: 13.624 Thread 0x0000012cbf87a800 nmethod 3758 0x0000012ca97ff810 code [0x0000012ca97ff9c0, 0x0000012ca97ffaf8]
Event: 13.624 Thread 0x0000012cbf87a800 3755   !   2       com.sun.tools.javac.comp.ArgumentAttr::attribArg (39 bytes)
Event: 13.625 Thread 0x0000012cbf87a800 nmethod 3755 0x0000012ca97ffb90 code [0x0000012ca97ffd60, 0x0000012ca97fffe8]
Event: 13.637 Thread 0x0000012cbf879800 nmethod 3683 0x0000012cb05ba810 code [0x0000012cb05baa80, 0x0000012cb05bbea8]
Event: 13.637 Thread 0x0000012cbf879800 3757       4       com.sun.tools.javac.code.Scope$ScopeListenerList::walkReferences (101 bytes)
Event: 13.667 Thread 0x0000012cbf87a800 3762       2       com.sun.tools.javac.jvm.ClassWriter::writeParameterAttrs (209 bytes)
Event: 13.668 Thread 0x0000012cbf87a800 nmethod 3762 0x0000012ca9800110 code [0x0000012ca9800420, 0x0000012ca9800f48]

GC Heap History (20 events):
Event: 4.930 GC heap after
{Heap after GC invocations=39 (full 0):
 garbage-first heap   total 35840K, used 18323K [0x0000000080a00000, 0x0000000100000000)
  region size 1024K, 1 young (1024K), 1 survivors (1024K)
 Metaspace       used 13782K, capacity 14116K, committed 14336K, reserved 1062912K
  class space    used 1409K, capacity 1503K, committed 1536K, reserved 1048576K
}
Event: 5.025 GC heap before
{Heap before GC invocations=40 (full 0):
 garbage-first heap   total 45056K, used 32659K [0x0000000080a00000, 0x0000000100000000)
  region size 1024K, 2 young (2048K), 1 survivors (1024K)
 Metaspace       used 13782K, capacity 14116K, committed 14336K, reserved 1062912K
  class space    used 1409K, capacity 1503K, committed 1536K, reserved 1048576K
}
Event: 5.026 GC heap after
{Heap after GC invocations=41 (full 0):
 garbage-first heap   total 45056K, used 18461K [0x0000000080a00000, 0x0000000100000000)
  region size 1024K, 1 young (1024K), 1 survivors (1024K)
 Metaspace       used 13782K, capacity 14116K, committed 14336K, reserved 1062912K
  class space    used 1409K, capacity 1503K, committed 1536K, reserved 1048576K
}
Event: 5.097 GC heap before
{Heap before GC invocations=42 (full 0):
 garbage-first heap   total 45056K, used 22557K [0x0000000080a00000, 0x0000000100000000)
  region size 1024K, 4 young (4096K), 1 survivors (1024K)
 Metaspace       used 13782K, capacity 14116K, committed 14336K, reserved 1062912K
  class space    used 1409K, capacity 1503K, committed 1536K, reserved 1048576K
}
Event: 5.101 GC heap after
{Heap after GC invocations=43 (full 0):
 garbage-first heap   total 68608K, used 21430K [0x0000000080a00000, 0x0000000100000000)
  region size 1024K, 2 young (2048K), 2 survivors (2048K)
 Metaspace       used 13782K, capacity 14116K, committed 14336K, reserved 1062912K
  class space    used 1409K, capacity 1503K, committed 1536K, reserved 1048576K
}
Event: 6.626 GC heap before
{Heap before GC invocations=44 (full 0):
 garbage-first heap   total 68608K, used 43958K [0x0000000080a00000, 0x0000000100000000)
  region size 1024K, 20 young (20480K), 2 survivors (2048K)
 Metaspace       used 14978K, capacity 15194K, committed 15488K, reserved 1062912K
  class space    used 1500K, capacity 1606K, committed 1664K, reserved 1048576K
}
Event: 6.652 GC heap after
{Heap after GC invocations=45 (full 0):
 garbage-first heap   total 68608K, used 29810K [0x0000000080a00000, 0x0000000100000000)
  region size 1024K, 3 young (3072K), 3 survivors (3072K)
 Metaspace       used 14978K, capacity 15194K, committed 15488K, reserved 1062912K
  class space    used 1500K, capacity 1606K, committed 1664K, reserved 1048576K
}
Event: 8.052 GC heap before
{Heap before GC invocations=45 (full 0):
 garbage-first heap   total 68608K, used 44146K [0x0000000080a00000, 0x0000000100000000)
  region size 1024K, 16 young (16384K), 3 survivors (3072K)
 Metaspace       used 15425K, capacity 15660K, committed 15744K, reserved 1062912K
  class space    used 1521K, capacity 1612K, committed 1664K, reserved 1048576K
}
Event: 8.067 GC heap after
{Heap after GC invocations=46 (full 0):
 garbage-first heap   total 68608K, used 33239K [0x0000000080a00000, 0x0000000100000000)
  region size 1024K, 2 young (2048K), 2 survivors (2048K)
 Metaspace       used 15425K, capacity 15660K, committed 15744K, reserved 1062912K
  class space    used 1521K, capacity 1612K, committed 1664K, reserved 1048576K
}
Event: 8.491 GC heap before
{Heap before GC invocations=46 (full 0):
 garbage-first heap   total 68608K, used 46551K [0x0000000080a00000, 0x0000000100000000)
  region size 1024K, 15 young (15360K), 2 survivors (2048K)
 Metaspace       used 15883K, capacity 16234K, committed 16384K, reserved 1064960K
  class space    used 1558K, capacity 1694K, committed 1792K, reserved 1048576K
}
Event: 8.521 GC heap after
{Heap after GC invocations=47 (full 0):
 garbage-first heap   total 68608K, used 41307K [0x0000000080a00000, 0x0000000100000000)
  region size 1024K, 2 young (2048K), 2 survivors (2048K)
 Metaspace       used 15883K, capacity 16234K, committed 16384K, reserved 1064960K
  class space    used 1558K, capacity 1694K, committed 1792K, reserved 1048576K
}
Event: 8.599 GC heap before
{Heap before GC invocations=47 (full 0):
 garbage-first heap   total 68608K, used 49499K [0x0000000080a00000, 0x0000000100000000)
  region size 1024K, 10 young (10240K), 2 survivors (2048K)
 Metaspace       used 15923K, capacity 16242K, committed 16384K, reserved 1064960K
  class space    used 1561K, capacity 1697K, committed 1792K, reserved 1048576K
}
Event: 8.626 GC heap after
{Heap after GC invocations=48 (full 0):
 garbage-first heap   total 128000K, used 48128K [0x0000000080a00000, 0x0000000100000000)
  region size 1024K, 2 young (2048K), 2 survivors (2048K)
 Metaspace       used 15923K, capacity 16242K, committed 16384K, reserved 1064960K
  class space    used 1561K, capacity 1697K, committed 1792K, reserved 1048576K
}
Event: 9.525 GC heap before
{Heap before GC invocations=49 (full 0):
 garbage-first heap   total 128000K, used 73728K [0x0000000080a00000, 0x0000000100000000)
  region size 1024K, 25 young (25600K), 2 survivors (2048K)
 Metaspace       used 16196K, capacity 16510K, committed 16640K, reserved 1064960K
  class space    used 1565K, capacity 1697K, committed 1792K, reserved 1048576K
}
Event: 9.598 GC heap after
{Heap after GC invocations=50 (full 0):
 garbage-first heap   total 128000K, used 58368K [0x0000000080a00000, 0x0000000100000000)
  region size 1024K, 4 young (4096K), 4 survivors (4096K)
 Metaspace       used 16196K, capacity 16510K, committed 16640K, reserved 1064960K
  class space    used 1565K, capacity 1697K, committed 1792K, reserved 1048576K
}
Event: 10.109 GC heap before
{Heap before GC invocations=50 (full 0):
 garbage-first heap   total 128000K, used 80896K [0x0000000080a00000, 0x0000000100000000)
  region size 1024K, 26 young (26624K), 4 survivors (4096K)
 Metaspace       used 16280K, capacity 16584K, committed 16896K, reserved 1064960K
  class space    used 1566K, capacity 1698K, committed 1792K, reserved 1048576K
}
Event: 10.126 GC heap after
{Heap after GC invocations=51 (full 0):
 garbage-first heap   total 128000K, used 63374K [0x0000000080a00000, 0x0000000100000000)
  region size 1024K, 4 young (4096K), 4 survivors (4096K)
 Metaspace       used 16280K, capacity 16584K, committed 16896K, reserved 1064960K
  class space    used 1566K, capacity 1698K, committed 1792K, reserved 1048576K
}
Event: 12.398 GC heap before
{Heap before GC invocations=51 (full 0):
 garbage-first heap   total 128000K, used 85902K [0x0000000080a00000, 0x0000000100000000)
  region size 1024K, 26 young (26624K), 4 survivors (4096K)
 Metaspace       used 17724K, capacity 18009K, committed 18176K, reserved 1064960K
  class space    used 1664K, capacity 1787K, committed 1792K, reserved 1048576K
}
Event: 12.412 GC heap after
{Heap after GC invocations=52 (full 0):
 garbage-first heap   total 128000K, used 65794K [0x0000000080a00000, 0x0000000100000000)
  region size 1024K, 3 young (3072K), 3 survivors (3072K)
 Metaspace       used 17724K, capacity 18009K, committed 18176K, reserved 1064960K
  class space    used 1664K, capacity 1787K, committed 1792K, reserved 1048576K
}
Event: 13.671 GC heap before
{Heap before GC invocations=53 (full 0):
 garbage-first heap   total 128000K, used 87298K [0x0000000080a00000, 0x0000000100000000)
  region size 1024K, 25 young (25600K), 3 survivors (3072K)
 Metaspace       used 18053K, capacity 18396K, committed 18432K, reserved 1067008K
  class space    used 1665K, capacity 1787K, committed 1792K, reserved 1048576K
}

Deoptimization events (20 events):
Event: 13.423 Thread 0x0000012ca0119000 Uncommon trap: trap_request=0xffffff4d fr.pc=0x0000012cb056c60c relative=0x00000000000000cc
Event: 13.423 Thread 0x0000012ca0119000 Uncommon trap: reason=unstable_if action=reinterpret pc=0x0000012cb056c60c method=com.sun.tools.javac.comp.Lower.boxIfNeeded(Lcom/sun/tools/javac/tree/JCTree$JCExpression;Lcom/sun/tools/javac/code/Type;)Lcom/sun/tools/javac/tree/JCTree$JCExpression; @ 13 
Event: 13.423 Thread 0x0000012ca0119000 DEOPT PACKING pc=0x0000012cb056c60c sp=0x0000000d895fe020
Event: 13.423 Thread 0x0000012ca0119000 DEOPT UNPACKING pc=0x0000012ca88ca1af sp=0x0000000d895fdfa0 mode 2
Event: 13.426 Thread 0x0000012ca0119000 Uncommon trap: trap_request=0xffffff4d fr.pc=0x0000012cb052745c relative=0x0000000000001bbc
Event: 13.426 Thread 0x0000012ca0119000 Uncommon trap: reason=unstable_if action=reinterpret pc=0x0000012cb052745c method=com.sun.tools.javac.comp.Check.checkType(Lcom/sun/tools/javac/util/JCDiagnostic$DiagnosticPosition;Lcom/sun/tools/javac/code/Type;Lcom/sun/tools/javac/code/Type;Lcom/sun/too
Event: 13.426 Thread 0x0000012ca0119000 DEOPT PACKING pc=0x0000012cb052745c sp=0x0000000d895fcfb0
Event: 13.426 Thread 0x0000012ca0119000 DEOPT UNPACKING pc=0x0000012ca88ca1af sp=0x0000000d895fcff0 mode 2
Event: 13.539 Thread 0x0000012ca0119000 Uncommon trap: trap_request=0xffffffde fr.pc=0x0000012cb054d13c relative=0x00000000000010bc
Event: 13.540 Thread 0x0000012ca0119000 Uncommon trap: reason=class_check action=maybe_recompile pc=0x0000012cb054d13c method=com.sun.tools.javac.comp.Lower$1.checkConflicts(Lcom/sun/tools/javac/util/JCDiagnostic$DiagnosticPosition;Lcom/sun/tools/javac/code/Symbol;Lcom/sun/tools/javac/code/Symb
Event: 13.541 Thread 0x0000012ca0119000 DEOPT PACKING pc=0x0000012cb054d13c sp=0x0000000d895fede0
Event: 13.541 Thread 0x0000012ca0119000 DEOPT UNPACKING pc=0x0000012ca88ca1af sp=0x0000000d895fedc8 mode 2
Event: 13.541 Thread 0x0000012ca0119000 Uncommon trap: trap_request=0xffffffde fr.pc=0x0000012cb054d13c relative=0x00000000000010bc
Event: 13.541 Thread 0x0000012ca0119000 Uncommon trap: reason=class_check action=maybe_recompile pc=0x0000012cb054d13c method=com.sun.tools.javac.comp.Lower$1.checkConflicts(Lcom/sun/tools/javac/util/JCDiagnostic$DiagnosticPosition;Lcom/sun/tools/javac/code/Symbol;Lcom/sun/tools/javac/code/Symb
Event: 13.541 Thread 0x0000012ca0119000 DEOPT PACKING pc=0x0000012cb054d13c sp=0x0000000d895fede0
Event: 13.541 Thread 0x0000012ca0119000 DEOPT UNPACKING pc=0x0000012ca88ca1af sp=0x0000000d895fedc8 mode 2
Event: 13.551 Thread 0x0000012ca0119000 Uncommon trap: trap_request=0xffffff4d fr.pc=0x0000012cb0501ed0 relative=0x0000000000000110
Event: 13.551 Thread 0x0000012ca0119000 Uncommon trap: reason=unstable_if action=reinterpret pc=0x0000012cb0501ed0 method=com.sun.tools.javac.code.Types.eraseNotNeeded(Lcom/sun/tools/javac/code/Type;)Z @ 21 c2
Event: 13.551 Thread 0x0000012ca0119000 DEOPT PACKING pc=0x0000012cb0501ed0 sp=0x0000000d895feed0
Event: 13.551 Thread 0x0000012ca0119000 DEOPT UNPACKING pc=0x0000012ca88ca1af sp=0x0000000d895fee10 mode 2

Classes redefined (0 events):
No events

Internal exceptions (20 events):
Event: 13.147 Thread 0x0000012ca0119000 Exception <a 'sun/nio/fs/WindowsException'{0x0000000087cfb6c8}> (0x0000000087cfb6c8) thrown at [./src/hotspot/share/prims/jni.cpp, line 617]
Event: 13.159 Thread 0x0000012ca0119000 Exception <a 'sun/nio/fs/WindowsException'{0x0000000087b63298}> (0x0000000087b63298) thrown at [./src/hotspot/share/prims/jni.cpp, line 617]
Event: 13.164 Thread 0x0000012ca0119000 Exception <a 'sun/nio/fs/WindowsException'{0x0000000087b9b7e0}> (0x0000000087b9b7e0) thrown at [./src/hotspot/share/prims/jni.cpp, line 617]
Event: 13.166 Thread 0x0000012ca0119000 Exception <a 'sun/nio/fs/WindowsException'{0x0000000087b9e578}> (0x0000000087b9e578) thrown at [./src/hotspot/share/prims/jni.cpp, line 617]
Event: 13.189 Thread 0x0000012ca0119000 Exception <a 'sun/nio/fs/WindowsException'{0x0000000087bc1a00}> (0x0000000087bc1a00) thrown at [./src/hotspot/share/prims/jni.cpp, line 617]
Event: 13.189 Thread 0x0000012ca0119000 Exception <a 'sun/nio/fs/WindowsException'{0x0000000087bc1fa8}> (0x0000000087bc1fa8) thrown at [./src/hotspot/share/prims/jni.cpp, line 617]
Event: 13.210 Thread 0x0000012ca0119000 Exception <a 'sun/nio/fs/WindowsException'{0x0000000087a315d8}> (0x0000000087a315d8) thrown at [./src/hotspot/share/prims/jni.cpp, line 617]
Event: 13.210 Thread 0x0000012ca0119000 Exception <a 'sun/nio/fs/WindowsException'{0x0000000087a31b50}> (0x0000000087a31b50) thrown at [./src/hotspot/share/prims/jni.cpp, line 617]
Event: 13.218 Thread 0x0000012ca0119000 Exception <a 'sun/nio/fs/WindowsException'{0x0000000087a3b838}> (0x0000000087a3b838) thrown at [./src/hotspot/share/prims/jni.cpp, line 617]
Event: 13.218 Thread 0x0000012ca0119000 Exception <a 'sun/nio/fs/WindowsException'{0x0000000087a3bdb0}> (0x0000000087a3bdb0) thrown at [./src/hotspot/share/prims/jni.cpp, line 617]
Event: 13.243 Thread 0x0000012ca0119000 Exception <a 'sun/nio/fs/WindowsException'{0x0000000087a618c0}> (0x0000000087a618c0) thrown at [./src/hotspot/share/prims/jni.cpp, line 617]
Event: 13.307 Thread 0x0000012ca0119000 Exception <a 'sun/nio/fs/WindowsException'{0x0000000087a91b58}> (0x0000000087a91b58) thrown at [./src/hotspot/share/prims/jni.cpp, line 617]
Event: 13.307 Thread 0x0000012ca0119000 Exception <a 'sun/nio/fs/WindowsException'{0x0000000087a920d0}> (0x0000000087a920d0) thrown at [./src/hotspot/share/prims/jni.cpp, line 617]
Event: 13.361 Thread 0x0000012ca0119000 Exception <a 'sun/nio/fs/WindowsException'{0x00000000879b1a60}> (0x00000000879b1a60) thrown at [./src/hotspot/share/prims/jni.cpp, line 617]
Event: 13.369 Thread 0x0000012ca0119000 Exception <a 'sun/nio/fs/WindowsException'{0x00000000879de400}> (0x00000000879de400) thrown at [./src/hotspot/share/prims/jni.cpp, line 617]
Event: 13.431 Thread 0x0000012ca0119000 Exception <a 'sun/nio/fs/WindowsException'{0x00000000878b7640}> (0x00000000878b7640) thrown at [./src/hotspot/share/prims/jni.cpp, line 617]
Event: 13.558 Thread 0x0000012ca0119000 Exception <a 'sun/nio/fs/WindowsException'{0x000000008720a658}> (0x000000008720a658) thrown at [./src/hotspot/share/prims/jni.cpp, line 617]
Event: 13.561 Thread 0x0000012ca0119000 Exception <a 'sun/nio/fs/WindowsException'{0x00000000872158d8}> (0x00000000872158d8) thrown at [./src/hotspot/share/prims/jni.cpp, line 617]
Event: 13.564 Thread 0x0000012ca0119000 Exception <a 'sun/nio/fs/WindowsException'{0x0000000087224a38}> (0x0000000087224a38) thrown at [./src/hotspot/share/prims/jni.cpp, line 617]
Event: 13.619 Thread 0x0000012ca0119000 Exception <a 'sun/nio/fs/WindowsException'{0x00000000871fa7d0}> (0x00000000871fa7d0) thrown at [./src/hotspot/share/prims/jni.cpp, line 617]

Events (20 events):
Event: 10.668 loading class com/sun/tools/javac/util/List done
Event: 10.668 loading class com/sun/tools/javac/util/ListBuffer
Event: 10.668 loading class com/sun/tools/javac/util/ListBuffer done
Event: 11.166 Executing VM operation: ICBufferFull
Event: 11.166 Executing VM operation: ICBufferFull done
Event: 11.581 Executing VM operation: ICBufferFull
Event: 11.581 Executing VM operation: ICBufferFull done
Event: 12.398 Executing VM operation: G1CollectForAllocation
Event: 12.413 Executing VM operation: G1CollectForAllocation done
Event: 12.516 Executing VM operation: CGC_Operation
Event: 12.519 Executing VM operation: CGC_Operation done
Event: 12.576 Executing VM operation: CGC_Operation
Event: 12.576 Executing VM operation: CGC_Operation done
Event: 12.878 Thread 0x0000012cc01da800 Thread exited: 0x0000012cc01da800
Event: 13.195 Executing VM operation: ICBufferFull
Event: 13.195 Executing VM operation: ICBufferFull done
Event: 13.213 Loaded shared library C:\Program Files\Microsoft\jdk-11.0.16.101-hotspot\bin\nio.dll
Event: 13.526 Executing VM operation: ICBufferFull
Event: 13.526 Executing VM operation: ICBufferFull done
Event: 13.671 Executing VM operation: G1CollectForAllocation


Dynamic libraries:
0x00007ff6b4db0000 - 0x00007ff6b4db7000 	C:\Program Files\Microsoft\jdk-11.0.16.101-hotspot\bin\javac.exe
0x00007ffd5f3f0000 - 0x00007ffd5f5e8000 	C:\Windows\SYSTEM32\ntdll.dll
0x00007ffd5e2a0000 - 0x00007ffd5e35f000 	C:\Windows\System32\KERNEL32.DLL
0x00007ffd5cde0000 - 0x00007ffd5d0d6000 	C:\Windows\System32\KERNELBASE.dll
0x00007ffd5cb80000 - 0x00007ffd5cc80000 	C:\Windows\System32\ucrtbase.dll
0x00007ffd312b0000 - 0x00007ffd312c7000 	C:\Program Files\Microsoft\jdk-11.0.16.101-hotspot\bin\jli.dll
0x00007ffd5f210000 - 0x00007ffd5f3ad000 	C:\Windows\System32\USER32.dll
0x00007ffd5d0e0000 - 0x00007ffd5d102000 	C:\Windows\System32\win32u.dll
0x00007ffd5e150000 - 0x00007ffd5e17c000 	C:\Windows\System32\GDI32.dll
0x00007ffd31290000 - 0x00007ffd312a5000 	C:\Program Files\Microsoft\jdk-11.0.16.101-hotspot\bin\VCRUNTIME140.dll
0x00007ffd5d260000 - 0x00007ffd5d375000 	C:\Windows\System32\gdi32full.dll
0x00007ffd5d3b0000 - 0x00007ffd5d44d000 	C:\Windows\System32\msvcp_win.dll
0x00007ffd46f10000 - 0x00007ffd471aa000 	C:\Windows\WinSxS\amd64_microsoft.windows.common-controls_6595b64144ccf1df_6.0.19041.1110_none_60b5254171f9507e\COMCTL32.dll
0x00007ffd5dfe0000 - 0x00007ffd5e07e000 	C:\Windows\System32\msvcrt.dll
0x00007ffd5f030000 - 0x00007ffd5f060000 	C:\Windows\System32\IMM32.DLL
0x00007ffccb3a0000 - 0x00007ffccb43b000 	C:\Program Files\Microsoft\jdk-11.0.16.101-hotspot\bin\msvcp140.dll
0x00007ffcabf20000 - 0x00007ffcacaaa000 	C:\Program Files\Microsoft\jdk-11.0.16.101-hotspot\bin\server\jvm.dll
0x00007ffd5e4c0000 - 0x00007ffd5e56f000 	C:\Windows\System32\ADVAPI32.dll
0x00007ffd5e190000 - 0x00007ffd5e22c000 	C:\Windows\System32\sechost.dll
0x00007ffd5e7b0000 - 0x00007ffd5e8d6000 	C:\Windows\System32\RPCRT4.dll
0x00007ffd5e180000 - 0x00007ffd5e188000 	C:\Windows\System32\PSAPI.DLL
0x00007ffd3c6e0000 - 0x00007ffd3c6e9000 	C:\Windows\SYSTEM32\WSOCK32.dll
0x00007ffd5e230000 - 0x00007ffd5e29b000 	C:\Windows\System32\WS2_32.dll
0x00007ffd50500000 - 0x00007ffd50527000 	C:\Windows\SYSTEM32\WINMM.dll
0x00007ffd56530000 - 0x00007ffd5653a000 	C:\Windows\SYSTEM32\VERSION.dll
0x00007ffd5b370000 - 0x00007ffd5b382000 	C:\Windows\SYSTEM32\kernel.appcore.dll
0x00007ffd31fa0000 - 0x00007ffd31fb0000 	C:\Program Files\Microsoft\jdk-11.0.16.101-hotspot\bin\verify.dll
0x00007ffd5a810000 - 0x00007ffd5a9f4000 	C:\Windows\SYSTEM32\DBGHELP.DLL
0x00007ffd48fb0000 - 0x00007ffd48fe4000 	C:\Windows\SYSTEM32\dbgcore.DLL
0x00007ffd5d1d0000 - 0x00007ffd5d252000 	C:\Windows\System32\bcryptPrimitives.dll
0x00007ffd24590000 - 0x00007ffd245b8000 	C:\Program Files\Microsoft\jdk-11.0.16.101-hotspot\bin\java.dll
0x00007ffd311e0000 - 0x00007ffd311ea000 	C:\Program Files\Microsoft\jdk-11.0.16.101-hotspot\bin\jimage.dll
0x00007ffd2ab30000 - 0x00007ffd2ab48000 	C:\Program Files\Microsoft\jdk-11.0.16.101-hotspot\bin\zip.dll
0x00007ffd5e8e0000 - 0x00007ffd5f024000 	C:\Windows\System32\SHELL32.dll
0x00007ffd5aa00000 - 0x00007ffd5b193000 	C:\Windows\SYSTEM32\windows.storage.dll
0x00007ffd5d730000 - 0x00007ffd5da84000 	C:\Windows\System32\combase.dll
0x00007ffd5c4c0000 - 0x00007ffd5c4ee000 	C:\Windows\SYSTEM32\Wldp.dll
0x00007ffd5e700000 - 0x00007ffd5e7ad000 	C:\Windows\System32\SHCORE.dll
0x00007ffd5d640000 - 0x00007ffd5d695000 	C:\Windows\System32\shlwapi.dll
0x00007ffd5ca10000 - 0x00007ffd5ca2f000 	C:\Windows\SYSTEM32\profapi.dll
0x00007ffd244d0000 - 0x00007ffd244e9000 	C:\Program Files\Microsoft\jdk-11.0.16.101-hotspot\bin\net.dll
0x00007ffd55890000 - 0x00007ffd5599a000 	C:\Windows\SYSTEM32\WINHTTP.dll
0x00007ffd5c1b0000 - 0x00007ffd5c21a000 	C:\Windows\system32\mswsock.dll
0x00007ffd23140000 - 0x00007ffd23153000 	C:\Program Files\Microsoft\jdk-11.0.16.101-hotspot\bin\nio.dll

dbghelp: loaded successfully - version: 4.0.5 - missing functions: none
symbol engine: initialized successfully - sym options: 0x614 - pdb path: .;C:\Program Files\Microsoft\jdk-11.0.16.101-hotspot\bin;C:\Windows\SYSTEM32;C:\Windows\WinSxS\amd64_microsoft.windows.common-controls_6595b64144ccf1df_6.0.19041.1110_none_60b5254171f9507e;C:\Program Files\Microsoft\jdk-11.0.16.101-hotspot\bin\server

VM Arguments:
jvm_args: -Dapplication.home=C:\Program Files\Microsoft\jdk-11.0.16.101-hotspot --add-modules=ALL-DEFAULT -Xms8m -Dfile.encoding=UTF8 -Djdk.module.main=jdk.compiler 
java_command: jdk.compiler/com.sun.tools.javac.Main @C:\Users\Dima\AppData\Local\Temp\tmp7162.tmp -target 1.8 -source 1.8
java_class_path (initial): <not set>
Launcher Type: SUN_STANDARD

[Global flags]
     intx CICompilerCount                          = 3                                         {product} {ergonomic}
     uint ConcGCThreads                            = 1                                         {product} {ergonomic}
     uint G1ConcRefinementThreads                  = 4                                         {product} {ergonomic}
   size_t G1HeapRegionSize                         = 1048576                                   {product} {ergonomic}
    uintx GCDrainStackTargetSize                   = 64                                        {product} {ergonomic}
   size_t InitialHeapSize                          = 8388608                                   {product} {command line}
   size_t MarkStackSize                            = 4194304                                   {product} {ergonomic}
   size_t MaxHeapSize                              = 2136997888                                {product} {ergonomic}
   size_t MaxNewSize                               = 1281359872                                {product} {ergonomic}
   size_t MinHeapDeltaBytes                        = 1048576                                   {product} {ergonomic}
    uintx NonNMethodCodeHeapSize                   = 5830732                                {pd product} {ergonomic}
    uintx NonProfiledCodeHeapSize                  = 122913754                              {pd product} {ergonomic}
    uintx ProfiledCodeHeapSize                     = 122913754                              {pd product} {ergonomic}
    uintx ReservedCodeCacheSize                    = 251658240                              {pd product} {ergonomic}
     bool SegmentedCodeCache                       = true                                      {product} {ergonomic}
     bool UseCompressedClassPointers               = true                                 {lp64_product} {ergonomic}
     bool UseCompressedOops                        = true                                 {lp64_product} {ergonomic}
     bool UseG1GC                                  = true                                      {product} {ergonomic}
     bool UseLargePagesIndividualAllocation        = false                                  {pd product} {ergonomic}

Logging:
Log output configuration:
 #0: stdout all=warning uptime,level,tags
 #1: stderr all=off uptime,level,tags

Environment Variables:
PATH=C:\Program Files\Microsoft\jdk-11.0.16.101-hotspot\bin;C:\Python311\Scripts\;C:\Python311\;C:\Program Files\Common Files\Oracle\Java\javapath;C:\Program Files (x86)\Common Files\Oracle\Java\javapath;C:\ProgramData\Oracle\Java\javapath;C:\Windows\system32;C:\Windows;C:\Windows\System32\Wbem;C:\Windows\System32\WindowsPowerShell\v1.0\;C:\Windows\System32\OpenSSH\;C:\Program Files\dotnet\;C:\Program Files\PuTTY\;C:\Program Files\NVIDIA Corporation\NVIDIA NvDLISR;C:\Program Files (x86)\NVIDIA Corporation\PhysX\Common;C:\Program Files\Git\cmd;C:\Program Files\nodejs\;C:\ProgramData\chocolatey\bin;C:\Users\Dima\AppData\Local\Microsoft\WindowsApps;C:\Users\Dima\AppData\Local\Programs\Microsoft VS Code\bin;C:\Users\Dima\AppData\Local\GitHubDesktop\bin;C:\Users\Dima\AppData\Roaming\npm;C:\Users\Dima\.dotnet\tools
USERNAME=Dima
OS=Windows_NT
PROCESSOR_IDENTIFIER=Intel64 Family 6 Model 60 Stepping 3, GenuineIntel
TMP=C:\Users\Dima\AppData\Local\Temp
TEMP=C:\Users\Dima\AppData\Local\Temp



---------------  S Y S T E M  ---------------

OS: Windows 10 , 64 bit Build 19041 (10.0.19041.2913)
OS uptime: 1 days 22:47 hours

CPU:total 4 (initial active 4) (2 cores per cpu, 2 threads per core) family 6 model 60 stepping 3 microcode 0x27, cmov, cx8, fxsr, mmx, sse, sse2, sse3, ssse3, sse4.1, sse4.2, popcnt, avx, avx2, aes, clmul, erms, lzcnt, ht, tsc, tscinvbit, bmi1, bmi2, fma

Memory: 4k page, system-wide physical 8150M (352M free)
TotalPageFile size 18390M (AvailPageFile size 9M)
current process WorkingSet (physical memory assigned to process): 201M, peak: 201M
current process commit charge ("private bytes"): 255M, peak: 346M

vm_info: OpenJDK 64-Bit Server VM (11.0.16.1+1-LTS) for windows-amd64 JRE (11.0.16.1+1-LTS), built on Aug 20 2022 20:09:04 by "" with MS VC++ 15.9 (VS2017)

END.
