#
# There is insufficient memory for the Java Runtime Environment to continue.
# Native memory allocation (mmap) failed to map 134217728 bytes for Failed to commit area from 0x0000000080a00000 to 0x0000000088a00000 of length 134217728.
# Possible reasons:
#   The system is out of physical RAM or swap space
#   The process is running with CompressedOops enabled, and the Java Heap may be blocking the growth of the native heap
# Possible solutions:
#   Reduce memory load on the system
#   Increase physical memory or swap space
#   Check if swap backing store is full
#   Decrease Java heap size (-Xmx/-Xms)
#   Decrease number of Java threads
#   Decrease Java thread stack sizes (-Xss)
#   Set larger code cache with -XX:ReservedCodeCacheSize=
# This output file may be truncated or incomplete.
#
#  Out of Memory Error (./src/hotspot/os/windows/os_windows.cpp:3386), pid=9552, tid=7080
#
# JRE version:  (11.0.16.1+1) (build )
# Java VM: OpenJDK 64-Bit Server VM (11.0.16.1+1-LTS, mixed mode, sharing, tiered, compressed oops, g1 gc, windows-amd64)
# No core dump will be written. Minidumps are not enabled by default on client versions of Windows
#

---------------  S U M M A R Y ------------

Command Line: 

Host: Intel(R) Core(TM) i3-4160 CPU @ 3.60GHz, 4 cores, 7G,  Windows 10 , 64 bit Build 19041 (10.0.19041.2913)
Time: Sun Jun  4 17:58:10 2023 Central Europe Daylight Time elapsed time: 0.055140 seconds (0d 0h 0m 0s)

---------------  T H R E A D  ---------------

Current thread (0x000002569f01a000):  JavaThread "Unknown thread" [_thread_in_vm, id=7080, stack(0x000000f4f2e00000,0x000000f4f2f00000)]

Stack: [0x000000f4f2e00000,0x000000f4f2f00000]
Native frames: (J=compiled Java code, j=interpreted, Vv=VM code, C=native code)
V  [jvm.dll+0x62652a]
V  [jvm.dll+0x7b3249]
V  [jvm.dll+0x7b4938]
V  [jvm.dll+0x7b5013]
V  [jvm.dll+0x24fca8]
V  [jvm.dll+0x62383a]
V  [jvm.dll+0x617fe5]
V  [jvm.dll+0x307bac]
V  [jvm.dll+0x307a32]
V  [jvm.dll+0x30c746]
V  [jvm.dll+0x352b9f]
V  [jvm.dll+0x3525d0]
V  [jvm.dll+0x2e4ba8]
V  [jvm.dll+0x2e5d06]
V  [jvm.dll+0x78d097]
V  [jvm.dll+0x78e81f]
V  [jvm.dll+0x35f8e9]
V  [jvm.dll+0x770000]
V  [jvm.dll+0x3cd40f]
V  [jvm.dll+0x3cf7a1]
C  [jli.dll+0x5207]
C  [ucrtbase.dll+0x21bb2]
C  [KERNEL32.DLL+0x17614]
C  [ntdll.dll+0x526a1]


---------------  P R O C E S S  ---------------

Threads class SMR info:
_java_thread_list=0x000002569d662c70, length=0, elements={
}

Java Threads: ( => current thread )

Other Threads:
  0x000002569f033000 GCTaskThread "GC Thread#0" [stack: 0x000000f4f2f00000,0x000000f4f3000000] [id=8940]
  0x000002569f063800 ConcurrentGCThread "G1 Main Marker" [stack: 0x000000f4f3000000,0x000000f4f3100000] [id=18688]
  0x000002569f066000 ConcurrentGCThread "G1 Conc#0" [stack: 0x000000f4f3100000,0x000000f4f3200000] [id=1356]

[error occurred during error reporting (printing all threads), id 0xc0000005, EXCEPTION_ACCESS_VIOLATION (0xc0000005) at pc=0x00007ffcf7574377]

VM state:not at safepoint (not fully initialized)

VM Mutex/Monitor currently owned by a thread:  ([mutex/lock_event])
[0x000002569f016aa0] Heap_lock - owner thread: 0x000002569f01a000

Heap address: 0x0000000080a00000, size: 2038 MB, Compressed Oops mode: Non-zero based: 0x0000000080a00000
Narrow klass base: 0x0000000000000000, Narrow klass shift: 0

GC Heap History (0 events):
No events

Deoptimization events (0 events):
No events

Classes redefined (0 events):
No events

Internal exceptions (0 events):
No events

Events (1 events):
Event: 0.029 Loaded shared library C:\Program Files\Microsoft\jdk-11.0.16.101-hotspot\bin\zip.dll


Dynamic libraries:
0x00007ff6bd0a0000 - 0x00007ff6bd0ad000 	C:\Program Files\Microsoft\jdk-11.0.16.101-hotspot\bin\java.exe
0x00007ffda7730000 - 0x00007ffda7928000 	C:\Windows\SYSTEM32\ntdll.dll
0x00007ffda6d50000 - 0x00007ffda6e0f000 	C:\Windows\System32\KERNEL32.DLL
0x00007ffda4e10000 - 0x00007ffda5106000 	C:\Windows\System32\KERNELBASE.dll
0x00007ffda5230000 - 0x00007ffda5330000 	C:\Windows\System32\ucrtbase.dll
0x00007ffd97ac0000 - 0x00007ffd97ad5000 	C:\Program Files\Microsoft\jdk-11.0.16.101-hotspot\bin\VCRUNTIME140.dll
0x00007ffd89590000 - 0x00007ffd895a7000 	C:\Program Files\Microsoft\jdk-11.0.16.101-hotspot\bin\jli.dll
0x00007ffda5cd0000 - 0x00007ffda5e6d000 	C:\Windows\System32\USER32.dll
0x00007ffd8dd70000 - 0x00007ffd8e00a000 	C:\Windows\WinSxS\amd64_microsoft.windows.common-controls_6595b64144ccf1df_6.0.19041.1110_none_60b5254171f9507e\COMCTL32.dll
0x00007ffda5110000 - 0x00007ffda5132000 	C:\Windows\System32\win32u.dll
0x00007ffda6840000 - 0x00007ffda68de000 	C:\Windows\System32\msvcrt.dll
0x00007ffda62b0000 - 0x00007ffda62dc000 	C:\Windows\System32\GDI32.dll
0x00007ffda55d0000 - 0x00007ffda56e5000 	C:\Windows\System32\gdi32full.dll
0x00007ffda56f0000 - 0x00007ffda578d000 	C:\Windows\System32\msvcp_win.dll
0x00007ffda6280000 - 0x00007ffda62b0000 	C:\Windows\System32\IMM32.DLL
0x00007ffd76540000 - 0x00007ffd765db000 	C:\Program Files\Microsoft\jdk-11.0.16.101-hotspot\bin\msvcp140.dll
0x00007ffcf7280000 - 0x00007ffcf7e0a000 	C:\Program Files\Microsoft\jdk-11.0.16.101-hotspot\bin\server\jvm.dll
0x00007ffda5820000 - 0x00007ffda58cf000 	C:\Windows\System32\ADVAPI32.dll
0x00007ffda5c30000 - 0x00007ffda5ccc000 	C:\Windows\System32\sechost.dll
0x00007ffda60d0000 - 0x00007ffda61f6000 	C:\Windows\System32\RPCRT4.dll
0x00007ffda68e0000 - 0x00007ffda68e8000 	C:\Windows\System32\PSAPI.DLL
0x00007ffd80330000 - 0x00007ffd80339000 	C:\Windows\SYSTEM32\WSOCK32.dll
0x00007ffd96e80000 - 0x00007ffd96ea7000 	C:\Windows\SYSTEM32\WINMM.dll
0x00007ffda6360000 - 0x00007ffda63cb000 	C:\Windows\System32\WS2_32.dll
0x00007ffd9e680000 - 0x00007ffd9e68a000 	C:\Windows\SYSTEM32\VERSION.dll
0x00007ffda3680000 - 0x00007ffda3692000 	C:\Windows\SYSTEM32\kernel.appcore.dll
0x00007ffd9a580000 - 0x00007ffd9a590000 	C:\Program Files\Microsoft\jdk-11.0.16.101-hotspot\bin\verify.dll
0x00007ffda2a00000 - 0x00007ffda2be4000 	C:\Windows\SYSTEM32\DBGHELP.DLL
0x00007ffd8f020000 - 0x00007ffd8f054000 	C:\Windows\SYSTEM32\dbgcore.DLL
0x00007ffda5540000 - 0x00007ffda55c2000 	C:\Windows\System32\bcryptPrimitives.dll
0x00007ffd89560000 - 0x00007ffd89588000 	C:\Program Files\Microsoft\jdk-11.0.16.101-hotspot\bin\java.dll
0x00007ffd894f0000 - 0x00007ffd894fa000 	C:\Program Files\Microsoft\jdk-11.0.16.101-hotspot\bin\jimage.dll
0x00007ffd87890000 - 0x00007ffd878a8000 	C:\Program Files\Microsoft\jdk-11.0.16.101-hotspot\bin\zip.dll

dbghelp: loaded successfully - version: 4.0.5 - missing functions: none
symbol engine: initialized successfully - sym options: 0x614 - pdb path: .;C:\Program Files\Microsoft\jdk-11.0.16.101-hotspot\bin;C:\Windows\SYSTEM32;C:\Windows\WinSxS\amd64_microsoft.windows.common-controls_6595b64144ccf1df_6.0.19041.1110_none_60b5254171f9507e;C:\Program Files\Microsoft\jdk-11.0.16.101-hotspot\bin\server

VM Arguments:
java_command: <unknown>
java_class_path (initial): <not set>
Launcher Type: SUN_STANDARD

[Global flags]
     intx CICompilerCount                          = 3                                         {product} {ergonomic}
     uint ConcGCThreads                            = 1                                         {product} {ergonomic}
     uint G1ConcRefinementThreads                  = 4                                         {product} {ergonomic}
   size_t G1HeapRegionSize                         = 1048576                                   {product} {ergonomic}
    uintx GCDrainStackTargetSize                   = 64                                        {product} {ergonomic}
   size_t InitialHeapSize                          = 134217728                                 {product} {ergonomic}
   size_t MarkStackSize                            = 4194304                                   {product} {ergonomic}
   size_t MaxHeapSize                              = 2136997888                                {product} {ergonomic}
   size_t MinHeapDeltaBytes                        = 1048576                                   {product} {ergonomic}
    uintx NonNMethodCodeHeapSize                   = 5830732                                {pd product} {ergonomic}
    uintx NonProfiledCodeHeapSize                  = 122913754                              {pd product} {ergonomic}
    uintx ProfiledCodeHeapSize                     = 122913754                              {pd product} {ergonomic}
    uintx ReservedCodeCacheSize                    = 251658240                              {pd product} {ergonomic}
     bool SegmentedCodeCache                       = true                                      {product} {ergonomic}
     bool UseCompressedClassPointers               = true                                 {lp64_product} {ergonomic}
     bool UseCompressedOops                        = true                                 {lp64_product} {ergonomic}
     bool UseG1GC                                  = true                                      {product} {ergonomic}
     bool UseLargePagesIndividualAllocation        = false                                  {pd product} {ergonomic}

Logging:
Log output configuration:
 #0: stdout all=warning uptime,level,tags
 #1: stderr all=off uptime,level,tags

Environment Variables:
PATH=C:\Program Files\Microsoft\jdk-11.0.16.101-hotspot\bin;C:\Python311\Scripts\;C:\Python311\;C:\Program Files\Common Files\Oracle\Java\javapath;C:\Program Files (x86)\Common Files\Oracle\Java\javapath;C:\ProgramData\Oracle\Java\javapath;C:\Windows\system32;C:\Windows;C:\Windows\System32\Wbem;C:\Windows\System32\WindowsPowerShell\v1.0\;C:\Windows\System32\OpenSSH\;C:\Program Files\dotnet\;C:\Program Files\PuTTY\;C:\Program Files\NVIDIA Corporation\NVIDIA NvDLISR;C:\Program Files (x86)\NVIDIA Corporation\PhysX\Common;C:\Program Files\Git\cmd;C:\Program Files\nodejs\;C:\ProgramData\chocolatey\bin;C:\Users\Dima\AppData\Local\Microsoft\WindowsApps;C:\Users\Dima\AppData\Local\Programs\Microsoft VS Code\bin;C:\Users\Dima\AppData\Local\GitHubDesktop\bin;C:\Users\Dima\AppData\Roaming\npm;C:\Users\Dima\.dotnet\tools
USERNAME=Dima
OS=Windows_NT
PROCESSOR_IDENTIFIER=Intel64 Family 6 Model 60 Stepping 3, GenuineIntel
TMP=C:\Users\Dima\AppData\Local\Temp
TEMP=C:\Users\Dima\AppData\Local\Temp



---------------  S Y S T E M  ---------------

OS: Windows 10 , 64 bit Build 19041 (10.0.19041.2913)
OS uptime: 1 days 23:35 hours

CPU:total 4 (initial active 4) (2 cores per cpu, 2 threads per core) family 6 model 60 stepping 3 microcode 0x27, cmov, cx8, fxsr, mmx, sse, sse2, sse3, ssse3, sse4.1, sse4.2, popcnt, avx, avx2, aes, clmul, erms, lzcnt, ht, tsc, tscinvbit, bmi1, bmi2, fma

Memory: 4k page, system-wide physical 8150M (495M free)
TotalPageFile size 18390M (AvailPageFile size 86M)
current process WorkingSet (physical memory assigned to process): 10M, peak: 10M
current process commit charge ("private bytes"): 52M, peak: 179M

vm_info: OpenJDK 64-Bit Server VM (11.0.16.1+1-LTS) for windows-amd64 JRE (11.0.16.1+1-LTS), built on Aug 20 2022 20:09:04 by "" with MS VC++ 15.9 (VS2017)

END.
